opened
tables: app_config, benchmark_matrix_logs, benchmark_matrix_runs, benchmark_matrix_sessions, benchmark_runs, chat_hidden_tool_contexts, chat_messages, chat_sessions, eval_results, idle_summary_snapshots, managed_llama_log_chunks, managed_llama_runs, observed_budget_state, run_logs, runtime_artifacts, runtime_metadata, runtime_metrics_totals, runtime_schema, runtime_status, sqlite_sequence
--- schema ---
CREATE TABLE managed_llama_log_chunks (
      id INTEGER PRIMARY KEY AUTOINCREMENT,
      run_id TEXT NOT NULL REFERENCES managed_llama_runs(id) ON DELETE CASCADE,
      stream_kind TEXT NOT NULL
        CHECK (stream_kind IN (
          'startup_script_stdout',
          'startup_script_stderr',
          'llama_stdout',
          'llama_stderr',
          'startup_review',
          'startup_failure'
        )),
      sequence INTEGER NOT NULL,
      chunk_text TEXT NOT NULL,
      created_at_utc TEXT NOT NULL,
      UNIQUE(run_id, stream_kind, sequence)
    )

CREATE INDEX idx_managed_llama_log_chunks_run_stream
      ON managed_llama_log_chunks(run_id, stream_kind, sequence ASC)
--- count (full table) ---
rows: 1922 took 0 ms
--- distinct run_ids ---
took 37223 ms
  run_id=5e536da6-b5f6-488e-b340-e70ddd chunks=204 chars=2137060130
  run_id=827efbe6-0363-4865-ad02-68c1cf chunks=65 chars=895465484
  run_id=30ccdc80-99f2-4a65-8c04-6b776f chunks=57 chars=598525863
  run_id=945cee66-1313-4b98-875d-164386 chunks=37 chars=535067530
  run_id=44e155d0-ba60-433f-8da2-47ddad chunks=22 chars=522777418
--- query for top run_id (mimics /status route handler) ---
rows=204 chars=2137060209 took 3353 ms
done