page_size=4096 page_count=5205852 freelist=0
total_bytes_in_pages=20335 MB
free_bytes=0 MB

=== per-table sizes ===
app_config                               rows=         1
benchmark_matrix_logs                    rows=         0
benchmark_matrix_runs                    rows=         0
benchmark_matrix_sessions                rows=         0
benchmark_runs                           rows=        32
chat_hidden_tool_contexts                rows=         0
chat_messages                            rows=        18
chat_sessions                            rows=         1
eval_results                             rows=         0
idle_summary_snapshots                   rows=      2338
managed_llama_log_chunks                 rows=      1927
managed_llama_runs                       rows=      1119
observed_budget_state                    rows=         1
run_logs                                 rows=       695
runtime_artifacts                        rows=      2894
runtime_metadata                         rows=         1
runtime_metrics_totals                   rows=         1
runtime_schema                           rows=         1
runtime_status                           rows=         1

=== dbstat per-table page consumption ===
managed_llama_log_chunks                           pages=   4281637  bytes=16725.1 MB
runtime_artifacts                                  pages=    584235  bytes=2282.2 MB
run_logs                                           pages=    335585  bytes=1310.9 MB
idle_summary_snapshots                             pages=      3893  bytes=15.2 MB
managed_llama_runs                                 pages=        63  bytes=0.2 MB
idx_runtime_artifacts_kind_created                 pages=        62  bytes=0.2 MB
idx_runtime_artifacts_request                      pages=        54  bytes=0.2 MB
sqlite_autoindex_runtime_artifacts_1               pages=        50  bytes=0.2 MB
sqlite_autoindex_managed_llama_log_chunks_1        pages=        39  bytes=0.2 MB
idx_managed_llama_log_chunks_run_stream            pages=        39  bytes=0.2 MB
chat_messages                                      pages=        33  bytes=0.1 MB
benchmark_runs                                     pages=        33  bytes=0.1 MB
sqlite_autoindex_managed_llama_runs_1              pages=        15  bytes=0.1 MB
idx_run_logs_kind_started                          pages=        15  bytes=0.1 MB
idx_managed_llama_runs_status_started              pages=        15  bytes=0.1 MB
idx_run_logs_group_started                         pages=        13  bytes=0.1 MB
idx_managed_llama_runs_started                     pages=        13  bytes=0.1 MB
idx_run_logs_started                               pages=        10  bytes=0.0 MB
sqlite_autoindex_run_logs_1                        pages=         9  bytes=0.0 MB
sqlite_schema                                      pages=         6  bytes=0.0 MB
runtime_metrics_totals                             pages=         3  bytes=0.0 MB
app_config                                         pages=         3  bytes=0.0 MB
sqlite_sequence                                    pages=         1  bytes=0.0 MB
sqlite_autoindex_runtime_metadata_1                pages=         1  bytes=0.0 MB
sqlite_autoindex_eval_results_1                    pages=         1  bytes=0.0 MB

=== top 10 managed_llama_log_chunks rows by size ===
id=191161 run=5e536da6 stream=startup_script_stderr seq=   23 bytes=237.5MB created=2026-04-27T23:25:24.767Z
id=191116 run=827efbe6 stream=startup_script_stderr seq=   43 bytes=185.3MB created=2026-04-27T20:40:56.396Z
id=190967 run=ac342027 stream=startup_script_stderr seq=    7 bytes=159.5MB created=2026-04-27T15:21:31.005Z
id=190787 run=e2db3a69 stream=startup_script_stderr seq=   41 bytes=150.2MB created=2026-04-26T23:28:01.387Z
id=190299 run=f9827466 stream=startup_script_stderr seq=    5 bytes=146.2MB created=2026-04-25T21:19:31.652Z
id=189810 run=cd7c3ef6 stream=startup_script_stderr seq=    1 bytes=140.5MB created=2026-04-24T12:52:42.089Z
id=191233 run=5e536da6 stream=startup_script_stderr seq=   95 bytes=136.1MB created=2026-04-28T00:39:54.242Z
id=190626 run=945cee66 stream=startup_script_stderr seq=    4 bytes=128.4MB created=2026-04-26T20:28:57.142Z
id=190259 run=44e155d0 stream=startup_script_stderr seq=   14 bytes=103.7MB created=2026-04-25T16:28:27.548Z
id=190304 run=867562f5 stream=startup_script_stderr seq=    3 bytes=101.4MB created=2026-04-25T21:53:49.636Z

=== chunk size distribution ===
< 1 KB          rows=     9  total=0.00 GB
1-100 KB        rows=    77  total=0.00 GB
100KB-1MB       rows=   754  total=0.13 GB
1-10 MB         rows=   551  total=1.79 GB
10-100 MB       rows=   526  total=12.94 GB
> 100 MB        rows=    10  total=1.45 GB
done