[fixture-debug 2026-03-24T00:08:59.993Z] Log path: C:\Users\denys\Documents\GitHub\SiftKit\tmp-find\fixture_47_debug_20260323_200859.log
[fixture-debug 2026-03-24T00:08:59.994Z] Fixture index: 47
[fixture-debug 2026-03-24T00:08:59.994Z] Fixture name: 47. Grouped Unused Assets Verification
[fixture-debug 2026-03-24T00:08:59.994Z] Fixture path: C:\Users\denys\Documents\GitHub\SiftKit\eval\fixtures\ai_core_60_tests\raw\47_grouped_unused_assets_verification.txt
[fixture-debug 2026-03-24T00:08:59.995Z] Input chars: 551051
[fixture-debug 2026-03-24T00:08:59.995Z] Question: Summarize this grouped unused-assets report. Explain how it is organized, the biggest unused categories, and what cleanup conclusions it does and does not support.
[fixture-debug 2026-03-24T00:08:59.997Z] Format: text
[fixture-debug 2026-03-24T00:08:59.998Z] Policy profile: general
[fixture-debug 2026-03-24T00:08:59.998Z] Request timeout seconds: 300
[fixture-debug 2026-03-24T00:08:59.998Z] Calling summarizeRequest...
[siftkit-trace 2026-03-24T00:08:59.999Z] summary summarizeRequest start input_chars=551051
[siftkit-trace 2026-03-24T00:08:59.999Z] execution-lock acquire start timeout_ms=300000
[fixture-debug 2026-03-24T00:09:00.005Z] summarizeRequest failed in 6.5ms
StatusServerUnavailableError: SiftKit status/config server is not reachable at http://127.0.0.1:4765/health. Start the separate server process and stop issuing further siftkit commands until it is available.
    at toStatusServerUnavailableError (C:\Users\denys\Documents\GitHub\SiftKit\dist\config.js:489:12)
    at tryAcquireExecutionLease (C:\Users\denys\Documents\GitHub\SiftKit\dist\config.js:526:15)
    at process.processTicksAndRejections (node:internal/process/task_queues:104:5)
    at async acquireExecutionLock (C:\Users\denys\Documents\GitHub\SiftKit\dist\execution-lock.js:56:23)
    at async withExecutionLock (C:\Users\denys\Documents\GitHub\SiftKit\dist\execution-lock.js:91:18)
    at async main (C:\Users\denys\Documents\GitHub\SiftKit\scripts\run-benchmark-fixture-debug.js:108:20)
